
> volvox@1.0.0 lint /app
> eslint


/app/jest.setup.ts
  26:12  error  Component definition is missing display name  react/display-name

/app/tests/components/blog/blog-components.test.tsx
  52:19  error  '_whileHover' is defined but never used   @typescript-eslint/no-unused-vars
  53:17  error  '_whileTap' is defined but never used     @typescript-eslint/no-unused-vars
  54:20  error  '_whileInView' is defined but never used  @typescript-eslint/no-unused-vars
  55:17  error  '_viewport' is defined but never used     @typescript-eslint/no-unused-vars
  56:16  error  '_initial' is defined but never used      @typescript-eslint/no-unused-vars
  57:16  error  '_animate' is defined but never used      @typescript-eslint/no-unused-vars
  58:13  error  '_exit' is defined but never used         @typescript-eslint/no-unused-vars
  59:17  error  '_variants' is defined but never used     @typescript-eslint/no-unused-vars
  60:19  error  '_transition' is defined but never used   @typescript-eslint/no-unused-vars

/app/tests/components/sections.test.tsx
  26:19  error  '_whileHover' is defined but never used   @typescript-eslint/no-unused-vars
  27:17  error  '_whileTap' is defined but never used     @typescript-eslint/no-unused-vars
  28:20  error  '_whileInView' is defined but never used  @typescript-eslint/no-unused-vars
  29:17  error  '_viewport' is defined but never used     @typescript-eslint/no-unused-vars
  30:16  error  '_initial' is defined but never used      @typescript-eslint/no-unused-vars
  31:16  error  '_animate' is defined but never used      @typescript-eslint/no-unused-vars
  32:13  error  '_exit' is defined but never used         @typescript-eslint/no-unused-vars
  33:17  error  '_variants' is defined but never used     @typescript-eslint/no-unused-vars
  34:19  error  '_transition' is defined but never used   @typescript-eslint/no-unused-vars
  41:19  error  '_whileHover' is defined but never used   @typescript-eslint/no-unused-vars
  42:17  error  '_whileTap' is defined but never used     @typescript-eslint/no-unused-vars
  43:20  error  '_whileInView' is defined but never used  @typescript-eslint/no-unused-vars
  44:17  error  '_viewport' is defined but never used     @typescript-eslint/no-unused-vars
  45:16  error  '_initial' is defined but never used      @typescript-eslint/no-unused-vars
  46:16  error  '_animate' is defined but never used      @typescript-eslint/no-unused-vars
  47:13  error  '_exit' is defined but never used         @typescript-eslint/no-unused-vars
  48:17  error  '_variants' is defined but never used     @typescript-eslint/no-unused-vars
  49:19  error  '_transition' is defined but never used   @typescript-eslint/no-unused-vars

✖ 28 problems (28 errors, 0 warnings)

 ELIFECYCLE  Command failed with exit code 1.
