
> volvox@1.0.0 test /app
> jest

[@sentry/nextjs] DEPRECATION WARNING: disableLogger is deprecated and will be removed in a future version. Use webpack.treeshake.removeDebugLogging instead.
[@sentry/nextjs] DEPRECATION WARNING: automaticVercelMonitors is deprecated and will be removed in a future version. Use webpack.automaticVercelMonitors instead.
PASS tests/components/blog-a11y.test.tsx
PASS tests/postcss-tailwind.test.ts
PASS tests/components/sections.test.tsx
PASS tests/components/ui/sheet.test.tsx
PASS tests/components/ui/dialog.test.tsx
PASS tests/components/footer.test.tsx
PASS tests/app/api/blog/route.test.ts
PASS tests/components/blog/blog-components.test.tsx
PASS tests/app/api/blog/views-route.test.ts
PASS tests/components/navigation-a11y.test.tsx
PASS tests/components/products/product-features.test.tsx
PASS tests/components/hero.test.tsx
PASS tests/app/terms/terms-client.test.tsx
PASS tests/components/products/product-components.test.tsx
PASS tests/components/cookie-consent-banner.test.tsx
PASS tests/components/mdx.test.tsx
PASS tests/components/navigation.test.tsx
PASS tests/lib/mdx-components.test.tsx
PASS tests/app/privacy/privacy-client.test.tsx
PASS tests/components/providers/cookie-consent-provider.test.tsx
PASS tests/app/sitemap.test.ts
PASS tests/components/ui/avatar.test.tsx
PASS tests/components/ui/card.test.tsx
PASS tests/app/products/product-detail-client.test.tsx
PASS tests/lib/content.test.ts
PASS tests/components/mdx/image-zoom.test.tsx
PASS tests/components/providers/theme-provider.test.tsx
PASS tests/components/homepage-client.test.tsx
PASS tests/components/ui/badge.test.tsx
PASS tests/components/mdx/code-block.test.tsx
PASS tests/components/ui/button.test.tsx
PASS tests/components/blog/view-tracker.test.tsx
PASS tests/security/blog.test.ts
PASS tests/lib/blog.test.ts
PASS tests/hooks/use-mouse-glow.test.ts
PASS tests/components/ui/tabs.test.tsx
PASS tests/components/animated-background.test.tsx
PASS tests/lib/social-images.test.tsx
PASS tests/components/conditional-analytics.test.tsx
PASS tests/components/theme-toggle.test.tsx
PASS tests/lib/utils.test.ts
PASS tests/lib/views.test.ts
PASS tests/hooks/use-mobile.test.ts
PASS tests/components/ui/sonner.test.tsx
PASS tests/lib/image-utils.test.ts
PASS tests/lib/structured-data.test.ts
PASS tests/app/robots.test.ts
PASS tests/lib/validation.test.ts
PASS tests/lib/data.test.ts
PASS tests/lib/logger.test.ts

Test Suites: 50 passed, 50 total
Tests:       401 passed, 401 total
Snapshots:   0 total
Time:        11.174 s
Ran all test suites.
