
> volvox@1.0.0 build /app
> next build

[@sentry/nextjs] DEPRECATION WARNING: disableLogger is deprecated and will be removed in a future version. Use webpack.treeshake.removeDebugLogging instead.
[@sentry/nextjs] DEPRECATION WARNING: automaticVercelMonitors is deprecated and will be removed in a future version. Use webpack.automaticVercelMonitors instead.
   ▲ Next.js 16.0.10 (Turbopack)
   - Experiments (use with caution):
     · clientTraceMetadata

   Creating an optimized production build ...
[@sentry/nextjs] DEPRECATION WARNING: disableLogger is deprecated and will be removed in a future version. Use webpack.treeshake.removeDebugLogging instead.
[@sentry/nextjs] DEPRECATION WARNING: automaticVercelMonitors is deprecated and will be removed in a future version. Use webpack.automaticVercelMonitors instead.
Turbopack build encountered 3 warnings:
./node_modules/.pnpm/@opentelemetry+instrumentation@0.208.0_@opentelemetry+api@1.9.0/node_modules/@opentelemetry/instrumentation/build/esm/platform/node
Package import-in-the-middle can't be external
The request import-in-the-middle matches serverExternalPackages (or the default list).
The request could not be resolved by Node.js from the project directory.
Packages that should be external need to be installed in the project directory, so they can be resolved from the output files.
Try to install it into the project directory by running npm install import-in-the-middle from the project directory.


./node_modules/.pnpm/@sentry+node-core@10.31.0_@opentelemetry+api@1.9.0_@opentelemetry+context-async-hooks@2_158803d99797cbd80aa6ef8fb83ab25e/node_modules/@sentry/node-core/build/cjs/sdk
Package import-in-the-middle can't be external
The request import-in-the-middle matches serverExternalPackages (or the default list).
The request could not be resolved by Node.js from the project directory.
Packages that should be external need to be installed in the project directory, so they can be resolved from the output files.
Try to install it into the project directory by running npm install import-in-the-middle from the project directory.


./node_modules/.pnpm/@opentelemetry+instrumentation@0.208.0_@opentelemetry+api@1.9.0/node_modules/@opentelemetry/instrumentation/build/esm/platform/node
Package require-in-the-middle can't be external
The request require-in-the-middle matches serverExternalPackages (or the default list).
The request could not be resolved by Node.js from the project directory.
Packages that should be external need to be installed in the project directory, so they can be resolved from the output files.
Try to install it into the project directory by running npm install require-in-the-middle from the project directory.


 ✓ Compiled successfully in 25.0s
   Running next.config.js provided runAfterProductionCompile ...
 ✓ Completed runAfterProductionCompile in 555ms
   Running TypeScript ...
   Collecting page data using 3 workers ...
   Generating static pages using 3 workers (0/11) ...
   Generating static pages using 3 workers (2/11)
   Generating static pages using 3 workers (5/11)
   Generating static pages using 3 workers (8/11)
 ✓ Generating static pages using 3 workers (11/11) in 2.0s
   Finalizing page optimization ...

Route (app)
┌ ○ /
├ ○ /_not-found
├ ƒ /api/blog/[slug]
├ ƒ /api/blog/[slug]/views
├ ● /blog/[slug]
│ └ /blog/announcing-volvox
├ ƒ /blog/[slug]/opengraph-image
├ ƒ /blog/[slug]/twitter-image
├ ○ /icon.png
├ ○ /privacy
├ ○ /products
├ ● /products/[slug]
│ └ /products/sobriety-waypoint
├ ƒ /products/[slug]/opengraph-image
├ ○ /robots.txt
├ ○ /sitemap.xml
└ ○ /terms


○  (Static)   prerendered as static content
●  (SSG)      prerendered as static HTML (uses generateStaticParams)
ƒ  (Dynamic)  server-rendered on demand
